[26-Jul-2022 11:46:04 UTC] PHP Fatal error:  Cannot redeclare wpmlm_user_area() (previously declared in C:\xampp\htdocs\rescueincome\wp-content\plugins\wp-mlm\templates\wp-mlm-user-area.php:5) in C:\xampp\htdocs\rescueincome\wp-content\themes\cleenday-clild\inc\admin\wp_mlm_user.php on line 2
[26-Jul-2022 11:52:48 UTC] PHP Notice:  Undefined variable: header_sticky_page_id in C:\xampp\htdocs\rescueincome\wp-content\themes\cleenday\core\class\dynamic-styles.php on line 129
[26-Jul-2022 11:52:49 UTC] PHP Notice:  Undefined variable: logout in C:\xampp\htdocs\rescueincome\wp-content\themes\cleenday-clild\header.php on line 51
[26-Jul-2022 11:52:54 UTC] PHP Warning:  include(wp_mlm_admin.php): failed to open stream: No such file or directory in C:\xampp\htdocs\rescueincome\wp-content\themes\cleenday-clild\inc\admin\adminMlm.php on line 7
[26-Jul-2022 11:52:54 UTC] PHP Warning:  include(): Failed opening 'wp_mlm_admin.php' for inclusion (include_path='C:\xampp\php\PEAR') in C:\xampp\htdocs\rescueincome\wp-content\themes\cleenday-clild\inc\admin\adminMlm.php on line 7
[26-Jul-2022 11:55:32 UTC] PHP Notice:  Trying to get property 'user_first_name' of non-object in C:\xampp\htdocs\rescueincome\wp-content\plugins\wp-mlm\functions\wp-mlm-ajax-functions.php on line 957
[26-Jul-2022 11:55:32 UTC] PHP Notice:  Trying to get property 'user_first_name' of non-object in C:\xampp\htdocs\rescueincome\wp-content\plugins\wp-mlm\functions\wp-mlm-ajax-functions.php on line 957
[26-Jul-2022 11:55:32 UTC] PHP Notice:  Trying to get property 'user_first_name' of non-object in C:\xampp\htdocs\rescueincome\wp-content\plugins\wp-mlm\functions\wp-mlm-ajax-functions.php on line 957
[26-Jul-2022 11:55:32 UTC] PHP Notice:  Trying to get property 'user_first_name' of non-object in C:\xampp\htdocs\rescueincome\wp-content\plugins\wp-mlm\functions\wp-mlm-ajax-functions.php on line 957
[26-Jul-2022 11:55:45 UTC] PHP Notice:  Undefined offset: 0 in C:\xampp\htdocs\rescueincome\wp-content\plugins\wp-mlm\templates\wp-mlm-user-profile-admin.php on line 5
[26-Jul-2022 11:55:45 UTC] PHP Notice:  Trying to get property 'join_date' of non-object in C:\xampp\htdocs\rescueincome\wp-content\plugins\wp-mlm\templates\wp-mlm-user-profile-admin.php on line 5
[26-Jul-2022 11:55:45 UTC] PHP Notice:  Undefined offset: 0 in C:\xampp\htdocs\rescueincome\wp-content\plugins\wp-mlm\templates\wp-mlm-user-profile-admin.php on line 26
[26-Jul-2022 11:55:45 UTC] PHP Notice:  Trying to get property 'user_login' of non-object in C:\xampp\htdocs\rescueincome\wp-content\plugins\wp-mlm\templates\wp-mlm-user-profile-admin.php on line 26
[26-Jul-2022 11:55:45 UTC] PHP Notice:  Undefined variable: country_name in C:\xampp\htdocs\rescueincome\wp-content\plugins\wp-mlm\templates\wp-mlm-user-profile-admin.php on line 140
[26-Jul-2022 11:56:01 UTC] PHP Notice:  Undefined variable: header_sticky_page_id in C:\xampp\htdocs\rescueincome\wp-content\themes\cleenday\core\class\dynamic-styles.php on line 129
[26-Jul-2022 12:00:35 UTC] PHP Fatal error:  Cannot redeclare wpmlm_ajax_user_details() (previously declared in C:\xampp\htdocs\rescueincome\wp-content\plugins\wp-mlm\functions\wp-mlm-ajax-functions.php:1391) in C:\xampp\htdocs\rescueincome\wp-content\themes\cleenday-clild\inc\admin\wp_mlm_user_function.php on line 5
[26-Jul-2022 12:01:16 UTC] PHP Notice:  Undefined variable: header_sticky_page_id in C:\xampp\htdocs\rescueincome\wp-content\themes\cleenday\core\class\dynamic-styles.php on line 129
[26-Jul-2022 12:01:17 UTC] PHP Notice:  Trying to get property 'user_first_name' of non-object in C:\xampp\htdocs\rescueincome\wp-content\plugins\wp-mlm\functions\wp-mlm-ajax-functions.php on line 957
[26-Jul-2022 12:01:17 UTC] PHP Notice:  Trying to get property 'user_first_name' of non-object in C:\xampp\htdocs\rescueincome\wp-content\plugins\wp-mlm\functions\wp-mlm-ajax-functions.php on line 957
[26-Jul-2022 12:01:17 UTC] PHP Notice:  Trying to get property 'user_first_name' of non-object in C:\xampp\htdocs\rescueincome\wp-content\plugins\wp-mlm\functions\wp-mlm-ajax-functions.php on line 957
[26-Jul-2022 12:01:17 UTC] PHP Notice:  Trying to get property 'user_first_name' of non-object in C:\xampp\htdocs\rescueincome\wp-content\plugins\wp-mlm\functions\wp-mlm-ajax-functions.php on line 957
[26-Jul-2022 12:01:36 UTC] PHP Notice:  Undefined variable: header_sticky_page_id in C:\xampp\htdocs\rescueincome\wp-content\themes\cleenday\core\class\dynamic-styles.php on line 129
[26-Jul-2022 12:01:36 UTC] PHP Notice:  Trying to get property 'user_first_name' of non-object in C:\xampp\htdocs\rescueincome\wp-content\plugins\wp-mlm\functions\wp-mlm-ajax-functions.php on line 957
[26-Jul-2022 12:01:36 UTC] PHP Notice:  Trying to get property 'user_first_name' of non-object in C:\xampp\htdocs\rescueincome\wp-content\plugins\wp-mlm\functions\wp-mlm-ajax-functions.php on line 957
[26-Jul-2022 12:01:36 UTC] PHP Notice:  Trying to get property 'user_first_name' of non-object in C:\xampp\htdocs\rescueincome\wp-content\plugins\wp-mlm\functions\wp-mlm-ajax-functions.php on line 957
[26-Jul-2022 12:01:36 UTC] PHP Notice:  Trying to get property 'user_first_name' of non-object in C:\xampp\htdocs\rescueincome\wp-content\plugins\wp-mlm\functions\wp-mlm-ajax-functions.php on line 957
[26-Jul-2022 12:03:16 UTC] PHP Notice:  Undefined variable: header_sticky_page_id in C:\xampp\htdocs\rescueincome\wp-content\themes\cleenday\core\class\dynamic-styles.php on line 129
[26-Jul-2022 12:03:17 UTC] PHP Notice:  Trying to get property 'user_first_name' of non-object in C:\xampp\htdocs\rescueincome\wp-content\plugins\wp-mlm\functions\wp-mlm-ajax-functions.php on line 957
[26-Jul-2022 12:03:17 UTC] PHP Notice:  Trying to get property 'user_first_name' of non-object in C:\xampp\htdocs\rescueincome\wp-content\plugins\wp-mlm\functions\wp-mlm-ajax-functions.php on line 957
[26-Jul-2022 12:03:17 UTC] PHP Notice:  Trying to get property 'user_first_name' of non-object in C:\xampp\htdocs\rescueincome\wp-content\plugins\wp-mlm\functions\wp-mlm-ajax-functions.php on line 957
[26-Jul-2022 12:03:17 UTC] PHP Notice:  Trying to get property 'user_first_name' of non-object in C:\xampp\htdocs\rescueincome\wp-content\plugins\wp-mlm\functions\wp-mlm-ajax-functions.php on line 957
[26-Jul-2022 12:04:23 UTC] PHP Notice:  Undefined variable: header_sticky_page_id in C:\xampp\htdocs\rescueincome\wp-content\themes\cleenday\core\class\dynamic-styles.php on line 129
[26-Jul-2022 12:04:24 UTC] PHP Notice:  Trying to get property 'user_first_name' of non-object in C:\xampp\htdocs\rescueincome\wp-content\plugins\wp-mlm\functions\wp-mlm-ajax-functions.php on line 957
[26-Jul-2022 12:04:24 UTC] PHP Notice:  Trying to get property 'user_first_name' of non-object in C:\xampp\htdocs\rescueincome\wp-content\plugins\wp-mlm\functions\wp-mlm-ajax-functions.php on line 957
[26-Jul-2022 12:04:24 UTC] PHP Notice:  Trying to get property 'user_first_name' of non-object in C:\xampp\htdocs\rescueincome\wp-content\plugins\wp-mlm\functions\wp-mlm-ajax-functions.php on line 957
[26-Jul-2022 12:04:24 UTC] PHP Notice:  Trying to get property 'user_first_name' of non-object in C:\xampp\htdocs\rescueincome\wp-content\plugins\wp-mlm\functions\wp-mlm-ajax-functions.php on line 957
[26-Jul-2022 12:04:34 UTC] PHP Notice:  Undefined variable: header_sticky_page_id in C:\xampp\htdocs\rescueincome\wp-content\themes\cleenday\core\class\dynamic-styles.php on line 129
[26-Jul-2022 12:04:34 UTC] PHP Notice:  Trying to get property 'user_first_name' of non-object in C:\xampp\htdocs\rescueincome\wp-content\plugins\wp-mlm\functions\wp-mlm-ajax-functions.php on line 957
[26-Jul-2022 12:04:34 UTC] PHP Notice:  Trying to get property 'user_first_name' of non-object in C:\xampp\htdocs\rescueincome\wp-content\plugins\wp-mlm\functions\wp-mlm-ajax-functions.php on line 957
[26-Jul-2022 12:04:34 UTC] PHP Notice:  Trying to get property 'user_first_name' of non-object in C:\xampp\htdocs\rescueincome\wp-content\plugins\wp-mlm\functions\wp-mlm-ajax-functions.php on line 957
[26-Jul-2022 12:04:34 UTC] PHP Notice:  Trying to get property 'user_first_name' of non-object in C:\xampp\htdocs\rescueincome\wp-content\plugins\wp-mlm\functions\wp-mlm-ajax-functions.php on line 957
[26-Jul-2022 12:06:42 UTC] PHP Notice:  Undefined variable: header_sticky_page_id in C:\xampp\htdocs\rescueincome\wp-content\themes\cleenday\core\class\dynamic-styles.php on line 129
[26-Jul-2022 12:06:42 UTC] PHP Notice:  Trying to get property 'user_first_name' of non-object in C:\xampp\htdocs\rescueincome\wp-content\plugins\wp-mlm\functions\wp-mlm-ajax-functions.php on line 957
[26-Jul-2022 12:06:42 UTC] PHP Notice:  Trying to get property 'user_first_name' of non-object in C:\xampp\htdocs\rescueincome\wp-content\plugins\wp-mlm\functions\wp-mlm-ajax-functions.php on line 957
[26-Jul-2022 12:06:42 UTC] PHP Notice:  Trying to get property 'user_first_name' of non-object in C:\xampp\htdocs\rescueincome\wp-content\plugins\wp-mlm\functions\wp-mlm-ajax-functions.php on line 957
[26-Jul-2022 12:06:42 UTC] PHP Notice:  Trying to get property 'user_first_name' of non-object in C:\xampp\htdocs\rescueincome\wp-content\plugins\wp-mlm\functions\wp-mlm-ajax-functions.php on line 957
[26-Jul-2022 12:06:52 UTC] PHP Notice:  Undefined offset: 0 in C:\xampp\htdocs\rescueincome\wp-content\plugins\wp-mlm\templates\wp-mlm-user-profile-admin.php on line 5
[26-Jul-2022 12:06:52 UTC] PHP Notice:  Trying to get property 'join_date' of non-object in C:\xampp\htdocs\rescueincome\wp-content\plugins\wp-mlm\templates\wp-mlm-user-profile-admin.php on line 5
[26-Jul-2022 12:06:52 UTC] PHP Notice:  Undefined offset: 0 in C:\xampp\htdocs\rescueincome\wp-content\plugins\wp-mlm\templates\wp-mlm-user-profile-admin.php on line 26
[26-Jul-2022 12:06:52 UTC] PHP Notice:  Trying to get property 'user_login' of non-object in C:\xampp\htdocs\rescueincome\wp-content\plugins\wp-mlm\templates\wp-mlm-user-profile-admin.php on line 26
[26-Jul-2022 12:06:52 UTC] PHP Notice:  Undefined variable: country_name in C:\xampp\htdocs\rescueincome\wp-content\plugins\wp-mlm\templates\wp-mlm-user-profile-admin.php on line 140
[26-Jul-2022 12:20:47 UTC] PHP Fatal error:  Cannot redeclare wpmlm_user_profile_admin() (previously declared in C:\xampp\htdocs\rescueincome\wp-content\plugins\wp-mlm\templates\wp-mlm-user-profile-admin.php:2) in C:\xampp\htdocs\rescueincome\wp-content\themes\cleenday-clild\inc\admin\wp_mlm_user_function.php on line 3
[26-Jul-2022 12:21:23 UTC] PHP Notice:  Undefined variable: header_sticky_page_id in C:\xampp\htdocs\rescueincome\wp-content\themes\cleenday\core\class\dynamic-styles.php on line 129
[26-Jul-2022 12:21:24 UTC] PHP Notice:  Trying to get property 'user_first_name' of non-object in C:\xampp\htdocs\rescueincome\wp-content\plugins\wp-mlm\functions\wp-mlm-ajax-functions.php on line 957
[26-Jul-2022 12:21:24 UTC] PHP Notice:  Trying to get property 'user_first_name' of non-object in C:\xampp\htdocs\rescueincome\wp-content\plugins\wp-mlm\functions\wp-mlm-ajax-functions.php on line 957
[26-Jul-2022 12:21:24 UTC] PHP Notice:  Trying to get property 'user_first_name' of non-object in C:\xampp\htdocs\rescueincome\wp-content\plugins\wp-mlm\functions\wp-mlm-ajax-functions.php on line 957
[26-Jul-2022 12:21:24 UTC] PHP Notice:  Trying to get property 'user_first_name' of non-object in C:\xampp\htdocs\rescueincome\wp-content\plugins\wp-mlm\functions\wp-mlm-ajax-functions.php on line 957
[26-Jul-2022 12:25:17 UTC] PHP Notice:  Trying to get property 'user_first_name' of non-object in C:\xampp\htdocs\rescueincome\wp-content\plugins\wp-mlm\functions\wp-mlm-ajax-functions.php on line 957
[26-Jul-2022 12:25:17 UTC] PHP Notice:  Trying to get property 'user_first_name' of non-object in C:\xampp\htdocs\rescueincome\wp-content\plugins\wp-mlm\functions\wp-mlm-ajax-functions.php on line 957
[26-Jul-2022 12:25:17 UTC] PHP Notice:  Trying to get property 'user_first_name' of non-object in C:\xampp\htdocs\rescueincome\wp-content\plugins\wp-mlm\functions\wp-mlm-ajax-functions.php on line 957
[26-Jul-2022 12:25:17 UTC] PHP Notice:  Trying to get property 'user_first_name' of non-object in C:\xampp\htdocs\rescueincome\wp-content\plugins\wp-mlm\functions\wp-mlm-ajax-functions.php on line 957
[26-Jul-2022 12:30:07 UTC] PHP Notice:  Trying to get property 'user_first_name' of non-object in C:\xampp\htdocs\rescueincome\wp-content\plugins\wp-mlm\functions\wp-mlm-ajax-functions.php on line 957
[26-Jul-2022 12:30:07 UTC] PHP Notice:  Trying to get property 'user_first_name' of non-object in C:\xampp\htdocs\rescueincome\wp-content\plugins\wp-mlm\functions\wp-mlm-ajax-functions.php on line 957
[26-Jul-2022 12:30:07 UTC] PHP Notice:  Trying to get property 'user_first_name' of non-object in C:\xampp\htdocs\rescueincome\wp-content\plugins\wp-mlm\functions\wp-mlm-ajax-functions.php on line 957
[26-Jul-2022 12:30:07 UTC] PHP Notice:  Trying to get property 'user_first_name' of non-object in C:\xampp\htdocs\rescueincome\wp-content\plugins\wp-mlm\functions\wp-mlm-ajax-functions.php on line 957
[26-Jul-2022 12:35:52 UTC] PHP Notice:  Trying to get property 'user_first_name' of non-object in C:\xampp\htdocs\rescueincome\wp-content\plugins\wp-mlm\functions\wp-mlm-ajax-functions.php on line 957
[26-Jul-2022 12:35:52 UTC] PHP Notice:  Trying to get property 'user_first_name' of non-object in C:\xampp\htdocs\rescueincome\wp-content\plugins\wp-mlm\functions\wp-mlm-ajax-functions.php on line 957
[26-Jul-2022 12:35:52 UTC] PHP Notice:  Trying to get property 'user_first_name' of non-object in C:\xampp\htdocs\rescueincome\wp-content\plugins\wp-mlm\functions\wp-mlm-ajax-functions.php on line 957
[26-Jul-2022 12:35:52 UTC] PHP Notice:  Trying to get property 'user_first_name' of non-object in C:\xampp\htdocs\rescueincome\wp-content\plugins\wp-mlm\functions\wp-mlm-ajax-functions.php on line 957
[26-Jul-2022 12:36:47 UTC] PHP Notice:  Trying to get property 'user_first_name' of non-object in C:\xampp\htdocs\rescueincome\wp-content\plugins\wp-mlm\functions\wp-mlm-ajax-functions.php on line 957
[26-Jul-2022 12:36:47 UTC] PHP Notice:  Trying to get property 'user_first_name' of non-object in C:\xampp\htdocs\rescueincome\wp-content\plugins\wp-mlm\functions\wp-mlm-ajax-functions.php on line 957
[26-Jul-2022 12:36:47 UTC] PHP Notice:  Trying to get property 'user_first_name' of non-object in C:\xampp\htdocs\rescueincome\wp-content\plugins\wp-mlm\functions\wp-mlm-ajax-functions.php on line 957
[26-Jul-2022 12:36:47 UTC] PHP Notice:  Trying to get property 'user_first_name' of non-object in C:\xampp\htdocs\rescueincome\wp-content\plugins\wp-mlm\functions\wp-mlm-ajax-functions.php on line 957
[26-Jul-2022 12:37:05 UTC] PHP Notice:  Undefined offset: 0 in C:\xampp\htdocs\rescueincome\wp-content\themes\cleenday-clild\inc\admin\wp_mlm_user_function.php on line 6
[26-Jul-2022 12:37:05 UTC] PHP Notice:  Trying to get property 'join_date' of non-object in C:\xampp\htdocs\rescueincome\wp-content\themes\cleenday-clild\inc\admin\wp_mlm_user_function.php on line 6
[26-Jul-2022 12:37:05 UTC] PHP Notice:  Undefined offset: 0 in C:\xampp\htdocs\rescueincome\wp-content\themes\cleenday-clild\inc\admin\wp_mlm_user_function.php on line 70
[26-Jul-2022 12:37:05 UTC] PHP Notice:  Trying to get property 'user_login' of non-object in C:\xampp\htdocs\rescueincome\wp-content\themes\cleenday-clild\inc\admin\wp_mlm_user_function.php on line 70
[26-Jul-2022 12:37:05 UTC] PHP Notice:  Undefined variable: country_name in C:\xampp\htdocs\rescueincome\wp-content\themes\cleenday-clild\inc\admin\wp_mlm_user_function.php on line 155
[26-Jul-2022 12:37:53 UTC] PHP Notice:  Undefined variable: header_sticky_page_id in C:\xampp\htdocs\rescueincome\wp-content\themes\cleenday\core\class\dynamic-styles.php on line 129
[26-Jul-2022 12:39:25 UTC] PHP Notice:  Undefined variable: header_sticky_page_id in C:\xampp\htdocs\rescueincome\wp-content\themes\cleenday\core\class\dynamic-styles.php on line 129
[26-Jul-2022 12:39:25 UTC] PHP Notice:  Trying to get property 'user_first_name' of non-object in C:\xampp\htdocs\rescueincome\wp-content\plugins\wp-mlm\functions\wp-mlm-ajax-functions.php on line 957
[26-Jul-2022 12:39:25 UTC] PHP Notice:  Trying to get property 'user_first_name' of non-object in C:\xampp\htdocs\rescueincome\wp-content\plugins\wp-mlm\functions\wp-mlm-ajax-functions.php on line 957
[26-Jul-2022 12:39:25 UTC] PHP Notice:  Trying to get property 'user_first_name' of non-object in C:\xampp\htdocs\rescueincome\wp-content\plugins\wp-mlm\functions\wp-mlm-ajax-functions.php on line 957
[26-Jul-2022 12:39:25 UTC] PHP Notice:  Trying to get property 'user_first_name' of non-object in C:\xampp\htdocs\rescueincome\wp-content\plugins\wp-mlm\functions\wp-mlm-ajax-functions.php on line 957
[26-Jul-2022 12:42:10 UTC] PHP Notice:  Undefined variable: header_sticky_page_id in C:\xampp\htdocs\rescueincome\wp-content\themes\cleenday\core\class\dynamic-styles.php on line 129
[26-Jul-2022 12:42:10 UTC] PHP Notice:  Trying to get property 'user_first_name' of non-object in C:\xampp\htdocs\rescueincome\wp-content\plugins\wp-mlm\functions\wp-mlm-ajax-functions.php on line 957
[26-Jul-2022 12:42:10 UTC] PHP Notice:  Trying to get property 'user_first_name' of non-object in C:\xampp\htdocs\rescueincome\wp-content\plugins\wp-mlm\functions\wp-mlm-ajax-functions.php on line 957
[26-Jul-2022 12:42:10 UTC] PHP Notice:  Trying to get property 'user_first_name' of non-object in C:\xampp\htdocs\rescueincome\wp-content\plugins\wp-mlm\functions\wp-mlm-ajax-functions.php on line 957
[26-Jul-2022 12:42:10 UTC] PHP Notice:  Trying to get property 'user_first_name' of non-object in C:\xampp\htdocs\rescueincome\wp-content\plugins\wp-mlm\functions\wp-mlm-ajax-functions.php on line 957
[26-Jul-2022 13:10:57 UTC] PHP Notice:  Undefined variable: header_sticky_page_id in C:\xampp\htdocs\rescueincome\wp-content\themes\cleenday\core\class\dynamic-styles.php on line 129
[26-Jul-2022 13:10:58 UTC] PHP Notice:  Trying to get property 'user_first_name' of non-object in C:\xampp\htdocs\rescueincome\wp-content\plugins\wp-mlm\functions\wp-mlm-ajax-functions.php on line 957
[26-Jul-2022 13:10:58 UTC] PHP Notice:  Trying to get property 'user_first_name' of non-object in C:\xampp\htdocs\rescueincome\wp-content\plugins\wp-mlm\functions\wp-mlm-ajax-functions.php on line 957
[26-Jul-2022 13:10:58 UTC] PHP Notice:  Trying to get property 'user_first_name' of non-object in C:\xampp\htdocs\rescueincome\wp-content\plugins\wp-mlm\functions\wp-mlm-ajax-functions.php on line 957
[26-Jul-2022 13:10:58 UTC] PHP Notice:  Trying to get property 'user_first_name' of non-object in C:\xampp\htdocs\rescueincome\wp-content\plugins\wp-mlm\functions\wp-mlm-ajax-functions.php on line 957
[26-Jul-2022 13:20:49 UTC] PHP Notice:  Undefined variable: header_sticky_page_id in C:\xampp\htdocs\rescueincome\wp-content\themes\cleenday\core\class\dynamic-styles.php on line 129
[26-Jul-2022 13:20:49 UTC] PHP Notice:  Trying to get property 'user_first_name' of non-object in C:\xampp\htdocs\rescueincome\wp-content\plugins\wp-mlm\functions\wp-mlm-ajax-functions.php on line 957
[26-Jul-2022 13:20:49 UTC] PHP Notice:  Trying to get property 'user_first_name' of non-object in C:\xampp\htdocs\rescueincome\wp-content\plugins\wp-mlm\functions\wp-mlm-ajax-functions.php on line 957
[26-Jul-2022 13:20:49 UTC] PHP Notice:  Trying to get property 'user_first_name' of non-object in C:\xampp\htdocs\rescueincome\wp-content\plugins\wp-mlm\functions\wp-mlm-ajax-functions.php on line 957
[26-Jul-2022 13:20:49 UTC] PHP Notice:  Trying to get property 'user_first_name' of non-object in C:\xampp\htdocs\rescueincome\wp-content\plugins\wp-mlm\functions\wp-mlm-ajax-functions.php on line 957
[26-Jul-2022 13:28:05 UTC] PHP Notice:  Undefined variable: header_sticky_page_id in C:\xampp\htdocs\rescueincome\wp-content\themes\cleenday\core\class\dynamic-styles.php on line 129
[26-Jul-2022 13:28:06 UTC] PHP Notice:  Trying to get property 'user_first_name' of non-object in C:\xampp\htdocs\rescueincome\wp-content\plugins\wp-mlm\functions\wp-mlm-ajax-functions.php on line 957
[26-Jul-2022 13:28:06 UTC] PHP Notice:  Trying to get property 'user_first_name' of non-object in C:\xampp\htdocs\rescueincome\wp-content\plugins\wp-mlm\functions\wp-mlm-ajax-functions.php on line 957
[26-Jul-2022 13:28:06 UTC] PHP Notice:  Trying to get property 'user_first_name' of non-object in C:\xampp\htdocs\rescueincome\wp-content\plugins\wp-mlm\functions\wp-mlm-ajax-functions.php on line 957
[26-Jul-2022 13:28:06 UTC] PHP Notice:  Trying to get property 'user_first_name' of non-object in C:\xampp\htdocs\rescueincome\wp-content\plugins\wp-mlm\functions\wp-mlm-ajax-functions.php on line 957
[26-Jul-2022 13:28:44 UTC] PHP Notice:  Trying to get property 'user_first_name' of non-object in C:\xampp\htdocs\rescueincome\wp-content\plugins\wp-mlm\functions\wp-mlm-ajax-functions.php on line 957
[26-Jul-2022 13:28:44 UTC] PHP Notice:  Trying to get property 'user_first_name' of non-object in C:\xampp\htdocs\rescueincome\wp-content\plugins\wp-mlm\functions\wp-mlm-ajax-functions.php on line 957
[26-Jul-2022 13:28:44 UTC] PHP Notice:  Trying to get property 'user_first_name' of non-object in C:\xampp\htdocs\rescueincome\wp-content\plugins\wp-mlm\functions\wp-mlm-ajax-functions.php on line 957
[26-Jul-2022 13:28:44 UTC] PHP Notice:  Trying to get property 'user_first_name' of non-object in C:\xampp\htdocs\rescueincome\wp-content\plugins\wp-mlm\functions\wp-mlm-ajax-functions.php on line 957
[26-Jul-2022 13:28:58 UTC] PHP Notice:  Undefined variable: header_sticky_page_id in C:\xampp\htdocs\rescueincome\wp-content\themes\cleenday\core\class\dynamic-styles.php on line 129
[26-Jul-2022 13:32:10 UTC] PHP Notice:  Undefined variable: header_sticky_page_id in C:\xampp\htdocs\rescueincome\wp-content\themes\cleenday\core\class\dynamic-styles.php on line 129
[26-Jul-2022 13:32:10 UTC] PHP Notice:  Trying to get property 'user_first_name' of non-object in C:\xampp\htdocs\rescueincome\wp-content\plugins\wp-mlm\functions\wp-mlm-ajax-functions.php on line 957
[26-Jul-2022 13:32:10 UTC] PHP Notice:  Trying to get property 'user_first_name' of non-object in C:\xampp\htdocs\rescueincome\wp-content\plugins\wp-mlm\functions\wp-mlm-ajax-functions.php on line 957
[26-Jul-2022 13:32:10 UTC] PHP Notice:  Trying to get property 'user_first_name' of non-object in C:\xampp\htdocs\rescueincome\wp-content\plugins\wp-mlm\functions\wp-mlm-ajax-functions.php on line 957
[26-Jul-2022 13:32:10 UTC] PHP Notice:  Trying to get property 'user_first_name' of non-object in C:\xampp\htdocs\rescueincome\wp-content\plugins\wp-mlm\functions\wp-mlm-ajax-functions.php on line 957
[26-Jul-2022 13:34:49 UTC] PHP Notice:  Undefined variable: header_sticky_page_id in C:\xampp\htdocs\rescueincome\wp-content\themes\cleenday\core\class\dynamic-styles.php on line 129
[26-Jul-2022 13:34:50 UTC] PHP Notice:  Trying to get property 'user_first_name' of non-object in C:\xampp\htdocs\rescueincome\wp-content\plugins\wp-mlm\functions\wp-mlm-ajax-functions.php on line 957
[26-Jul-2022 13:34:50 UTC] PHP Notice:  Trying to get property 'user_first_name' of non-object in C:\xampp\htdocs\rescueincome\wp-content\plugins\wp-mlm\functions\wp-mlm-ajax-functions.php on line 957
[26-Jul-2022 13:34:50 UTC] PHP Notice:  Trying to get property 'user_first_name' of non-object in C:\xampp\htdocs\rescueincome\wp-content\plugins\wp-mlm\functions\wp-mlm-ajax-functions.php on line 957
[26-Jul-2022 13:34:50 UTC] PHP Notice:  Trying to get property 'user_first_name' of non-object in C:\xampp\htdocs\rescueincome\wp-content\plugins\wp-mlm\functions\wp-mlm-ajax-functions.php on line 957
[26-Jul-2022 13:38:28 UTC] PHP Notice:  Undefined variable: header_sticky_page_id in C:\xampp\htdocs\rescueincome\wp-content\themes\cleenday\core\class\dynamic-styles.php on line 129
[26-Jul-2022 13:44:15 UTC] PHP Notice:  Undefined variable: header_sticky_page_id in C:\xampp\htdocs\rescueincome\wp-content\themes\cleenday\core\class\dynamic-styles.php on line 129
[26-Jul-2022 13:44:16 UTC] PHP Notice:  Trying to get property 'user_first_name' of non-object in C:\xampp\htdocs\rescueincome\wp-content\plugins\wp-mlm\functions\wp-mlm-ajax-functions.php on line 957
[26-Jul-2022 13:44:16 UTC] PHP Notice:  Trying to get property 'user_first_name' of non-object in C:\xampp\htdocs\rescueincome\wp-content\plugins\wp-mlm\functions\wp-mlm-ajax-functions.php on line 957
[26-Jul-2022 13:44:16 UTC] PHP Notice:  Trying to get property 'user_first_name' of non-object in C:\xampp\htdocs\rescueincome\wp-content\plugins\wp-mlm\functions\wp-mlm-ajax-functions.php on line 957
[26-Jul-2022 13:44:16 UTC] PHP Notice:  Trying to get property 'user_first_name' of non-object in C:\xampp\htdocs\rescueincome\wp-content\plugins\wp-mlm\functions\wp-mlm-ajax-functions.php on line 957
[26-Jul-2022 13:44:22 UTC] PHP Notice:  Undefined property: stdClass::$id in C:\xampp\htdocs\rescueincome\wp-content\themes\cleenday-clild\inc\admin\wp_mlm_user_function.php on line 86
[26-Jul-2022 13:44:22 UTC] PHP Notice:  Undefined property: stdClass::$id in C:\xampp\htdocs\rescueincome\wp-content\themes\cleenday-clild\inc\admin\wp_mlm_user_function.php on line 92
[26-Jul-2022 13:44:22 UTC] PHP Notice:  Undefined property: stdClass::$name in C:\xampp\htdocs\rescueincome\wp-content\themes\cleenday-clild\inc\admin\wp_mlm_user_function.php on line 92
[26-Jul-2022 13:45:51 UTC] PHP Notice:  Undefined variable: header_sticky_page_id in C:\xampp\htdocs\rescueincome\wp-content\themes\cleenday\core\class\dynamic-styles.php on line 129
[26-Jul-2022 13:45:52 UTC] PHP Notice:  Trying to get property 'user_first_name' of non-object in C:\xampp\htdocs\rescueincome\wp-content\plugins\wp-mlm\functions\wp-mlm-ajax-functions.php on line 957
[26-Jul-2022 13:45:52 UTC] PHP Notice:  Trying to get property 'user_first_name' of non-object in C:\xampp\htdocs\rescueincome\wp-content\plugins\wp-mlm\functions\wp-mlm-ajax-functions.php on line 957
[26-Jul-2022 13:45:52 UTC] PHP Notice:  Trying to get property 'user_first_name' of non-object in C:\xampp\htdocs\rescueincome\wp-content\plugins\wp-mlm\functions\wp-mlm-ajax-functions.php on line 957
[26-Jul-2022 13:45:52 UTC] PHP Notice:  Trying to get property 'user_first_name' of non-object in C:\xampp\htdocs\rescueincome\wp-content\plugins\wp-mlm\functions\wp-mlm-ajax-functions.php on line 957
[26-Jul-2022 13:45:57 UTC] PHP Notice:  Undefined property: stdClass::$id in C:\xampp\htdocs\rescueincome\wp-content\themes\cleenday-clild\inc\admin\wp_mlm_user_function.php on line 86
[26-Jul-2022 13:45:57 UTC] PHP Notice:  Undefined property: stdClass::$id in C:\xampp\htdocs\rescueincome\wp-content\themes\cleenday-clild\inc\admin\wp_mlm_user_function.php on line 92
[26-Jul-2022 13:45:57 UTC] PHP Notice:  Undefined property: stdClass::$name in C:\xampp\htdocs\rescueincome\wp-content\themes\cleenday-clild\inc\admin\wp_mlm_user_function.php on line 92
[26-Jul-2022 13:53:32 UTC] PHP Notice:  Undefined variable: header_sticky_page_id in C:\xampp\htdocs\rescueincome\wp-content\themes\cleenday\core\class\dynamic-styles.php on line 129
[26-Jul-2022 13:53:33 UTC] PHP Notice:  Trying to get property 'user_first_name' of non-object in C:\xampp\htdocs\rescueincome\wp-content\plugins\wp-mlm\functions\wp-mlm-ajax-functions.php on line 957
[26-Jul-2022 13:53:33 UTC] PHP Notice:  Trying to get property 'user_first_name' of non-object in C:\xampp\htdocs\rescueincome\wp-content\plugins\wp-mlm\functions\wp-mlm-ajax-functions.php on line 957
[26-Jul-2022 13:53:33 UTC] PHP Notice:  Trying to get property 'user_first_name' of non-object in C:\xampp\htdocs\rescueincome\wp-content\plugins\wp-mlm\functions\wp-mlm-ajax-functions.php on line 957
[26-Jul-2022 13:53:33 UTC] PHP Notice:  Trying to get property 'user_first_name' of non-object in C:\xampp\htdocs\rescueincome\wp-content\plugins\wp-mlm\functions\wp-mlm-ajax-functions.php on line 957
[26-Jul-2022 13:53:42 UTC] PHP Notice:  Undefined property: stdClass::$name in C:\xampp\htdocs\rescueincome\wp-content\themes\cleenday-clild\inc\admin\wp_mlm_user_function.php on line 91
[26-Jul-2022 13:53:42 UTC] PHP Notice:  Undefined property: stdClass::$name in C:\xampp\htdocs\rescueincome\wp-content\themes\cleenday-clild\inc\admin\wp_mlm_user_function.php on line 91
[26-Jul-2022 13:53:42 UTC] PHP Notice:  Undefined property: stdClass::$name in C:\xampp\htdocs\rescueincome\wp-content\themes\cleenday-clild\inc\admin\wp_mlm_user_function.php on line 91
[26-Jul-2022 13:53:42 UTC] PHP Notice:  Undefined property: stdClass::$name in C:\xampp\htdocs\rescueincome\wp-content\themes\cleenday-clild\inc\admin\wp_mlm_user_function.php on line 91
[26-Jul-2022 13:53:42 UTC] PHP Notice:  Undefined property: stdClass::$name in C:\xampp\htdocs\rescueincome\wp-content\themes\cleenday-clild\inc\admin\wp_mlm_user_function.php on line 91
[26-Jul-2022 13:53:42 UTC] PHP Notice:  Undefined property: stdClass::$name in C:\xampp\htdocs\rescueincome\wp-content\themes\cleenday-clild\inc\admin\wp_mlm_user_function.php on line 91
[26-Jul-2022 13:53:42 UTC] PHP Notice:  Undefined property: stdClass::$name in C:\xampp\htdocs\rescueincome\wp-content\themes\cleenday-clild\inc\admin\wp_mlm_user_function.php on line 91
[26-Jul-2022 13:53:42 UTC] PHP Notice:  Undefined property: stdClass::$name in C:\xampp\htdocs\rescueincome\wp-content\themes\cleenday-clild\inc\admin\wp_mlm_user_function.php on line 91
[26-Jul-2022 13:53:42 UTC] PHP Notice:  Undefined property: stdClass::$name in C:\xampp\htdocs\rescueincome\wp-content\themes\cleenday-clild\inc\admin\wp_mlm_user_function.php on line 91
[26-Jul-2022 13:53:42 UTC] PHP Notice:  Undefined property: stdClass::$name in C:\xampp\htdocs\rescueincome\wp-content\themes\cleenday-clild\inc\admin\wp_mlm_user_function.php on line 91
[26-Jul-2022 13:53:42 UTC] PHP Notice:  Undefined property: stdClass::$name in C:\xampp\htdocs\rescueincome\wp-content\themes\cleenday-clild\inc\admin\wp_mlm_user_function.php on line 91
[26-Jul-2022 13:53:42 UTC] PHP Notice:  Undefined property: stdClass::$name in C:\xampp\htdocs\rescueincome\wp-content\themes\cleenday-clild\inc\admin\wp_mlm_user_function.php on line 91
[26-Jul-2022 13:53:42 UTC] PHP Notice:  Undefined property: stdClass::$name in C:\xampp\htdocs\rescueincome\wp-content\themes\cleenday-clild\inc\admin\wp_mlm_user_function.php on line 91
[26-Jul-2022 13:54:02 UTC] PHP Notice:  Trying to get property 'user_first_name' of non-object in C:\xampp\htdocs\rescueincome\wp-content\plugins\wp-mlm\functions\wp-mlm-ajax-functions.php on line 957
[26-Jul-2022 13:54:02 UTC] PHP Notice:  Trying to get property 'user_first_name' of non-object in C:\xampp\htdocs\rescueincome\wp-content\plugins\wp-mlm\functions\wp-mlm-ajax-functions.php on line 957
[26-Jul-2022 13:54:02 UTC] PHP Notice:  Trying to get property 'user_first_name' of non-object in C:\xampp\htdocs\rescueincome\wp-content\plugins\wp-mlm\functions\wp-mlm-ajax-functions.php on line 957
[26-Jul-2022 13:54:02 UTC] PHP Notice:  Trying to get property 'user_first_name' of non-object in C:\xampp\htdocs\rescueincome\wp-content\plugins\wp-mlm\functions\wp-mlm-ajax-functions.php on line 957
[26-Jul-2022 13:54:06 UTC] PHP Notice:  Undefined property: stdClass::$name in C:\xampp\htdocs\rescueincome\wp-content\themes\cleenday-clild\inc\admin\wp_mlm_user_function.php on line 91
[26-Jul-2022 13:54:06 UTC] PHP Notice:  Undefined property: stdClass::$name in C:\xampp\htdocs\rescueincome\wp-content\themes\cleenday-clild\inc\admin\wp_mlm_user_function.php on line 91
[26-Jul-2022 13:54:06 UTC] PHP Notice:  Undefined property: stdClass::$name in C:\xampp\htdocs\rescueincome\wp-content\themes\cleenday-clild\inc\admin\wp_mlm_user_function.php on line 91
[26-Jul-2022 13:54:06 UTC] PHP Notice:  Undefined property: stdClass::$name in C:\xampp\htdocs\rescueincome\wp-content\themes\cleenday-clild\inc\admin\wp_mlm_user_function.php on line 91
[26-Jul-2022 13:54:06 UTC] PHP Notice:  Undefined property: stdClass::$name in C:\xampp\htdocs\rescueincome\wp-content\themes\cleenday-clild\inc\admin\wp_mlm_user_function.php on line 91
[26-Jul-2022 13:54:06 UTC] PHP Notice:  Undefined property: stdClass::$name in C:\xampp\htdocs\rescueincome\wp-content\themes\cleenday-clild\inc\admin\wp_mlm_user_function.php on line 91
[26-Jul-2022 13:54:06 UTC] PHP Notice:  Undefined property: stdClass::$name in C:\xampp\htdocs\rescueincome\wp-content\themes\cleenday-clild\inc\admin\wp_mlm_user_function.php on line 91
[26-Jul-2022 13:54:06 UTC] PHP Notice:  Undefined property: stdClass::$name in C:\xampp\htdocs\rescueincome\wp-content\themes\cleenday-clild\inc\admin\wp_mlm_user_function.php on line 91
[26-Jul-2022 13:54:06 UTC] PHP Notice:  Undefined property: stdClass::$name in C:\xampp\htdocs\rescueincome\wp-content\themes\cleenday-clild\inc\admin\wp_mlm_user_function.php on line 91
[26-Jul-2022 13:54:06 UTC] PHP Notice:  Undefined property: stdClass::$name in C:\xampp\htdocs\rescueincome\wp-content\themes\cleenday-clild\inc\admin\wp_mlm_user_function.php on line 91
[26-Jul-2022 13:54:06 UTC] PHP Notice:  Undefined property: stdClass::$name in C:\xampp\htdocs\rescueincome\wp-content\themes\cleenday-clild\inc\admin\wp_mlm_user_function.php on line 91
[26-Jul-2022 13:54:06 UTC] PHP Notice:  Undefined property: stdClass::$name in C:\xampp\htdocs\rescueincome\wp-content\themes\cleenday-clild\inc\admin\wp_mlm_user_function.php on line 91
[26-Jul-2022 13:54:06 UTC] PHP Notice:  Undefined property: stdClass::$name in C:\xampp\htdocs\rescueincome\wp-content\themes\cleenday-clild\inc\admin\wp_mlm_user_function.php on line 91
[26-Jul-2022 13:54:19 UTC] PHP Notice:  Undefined variable: header_sticky_page_id in C:\xampp\htdocs\rescueincome\wp-content\themes\cleenday\core\class\dynamic-styles.php on line 129
[26-Jul-2022 13:54:55 UTC] PHP Notice:  Undefined variable: header_sticky_page_id in C:\xampp\htdocs\rescueincome\wp-content\themes\cleenday\core\class\dynamic-styles.php on line 129
[26-Jul-2022 13:54:55 UTC] PHP Notice:  Trying to get property 'user_first_name' of non-object in C:\xampp\htdocs\rescueincome\wp-content\plugins\wp-mlm\functions\wp-mlm-ajax-functions.php on line 957
[26-Jul-2022 13:54:55 UTC] PHP Notice:  Trying to get property 'user_first_name' of non-object in C:\xampp\htdocs\rescueincome\wp-content\plugins\wp-mlm\functions\wp-mlm-ajax-functions.php on line 957
[26-Jul-2022 13:54:55 UTC] PHP Notice:  Trying to get property 'user_first_name' of non-object in C:\xampp\htdocs\rescueincome\wp-content\plugins\wp-mlm\functions\wp-mlm-ajax-functions.php on line 957
[26-Jul-2022 13:54:55 UTC] PHP Notice:  Trying to get property 'user_first_name' of non-object in C:\xampp\htdocs\rescueincome\wp-content\plugins\wp-mlm\functions\wp-mlm-ajax-functions.php on line 957
[26-Jul-2022 14:01:52 UTC] PHP Notice:  Undefined variable: header_sticky_page_id in C:\xampp\htdocs\rescueincome\wp-content\themes\cleenday\core\class\dynamic-styles.php on line 129
[26-Jul-2022 14:01:52 UTC] PHP Notice:  Trying to get property 'user_first_name' of non-object in C:\xampp\htdocs\rescueincome\wp-content\plugins\wp-mlm\functions\wp-mlm-ajax-functions.php on line 957
[26-Jul-2022 14:01:52 UTC] PHP Notice:  Trying to get property 'user_first_name' of non-object in C:\xampp\htdocs\rescueincome\wp-content\plugins\wp-mlm\functions\wp-mlm-ajax-functions.php on line 957
[26-Jul-2022 14:01:52 UTC] PHP Notice:  Trying to get property 'user_first_name' of non-object in C:\xampp\htdocs\rescueincome\wp-content\plugins\wp-mlm\functions\wp-mlm-ajax-functions.php on line 957
[26-Jul-2022 14:01:52 UTC] PHP Notice:  Trying to get property 'user_first_name' of non-object in C:\xampp\htdocs\rescueincome\wp-content\plugins\wp-mlm\functions\wp-mlm-ajax-functions.php on line 957
[26-Jul-2022 14:07:14 UTC] PHP Notice:  Undefined variable: header_sticky_page_id in C:\xampp\htdocs\rescueincome\wp-content\themes\cleenday\core\class\dynamic-styles.php on line 129
[26-Jul-2022 14:07:14 UTC] PHP Notice:  Undefined variable: logout in C:\xampp\htdocs\rescueincome\wp-content\themes\cleenday-clild\header.php on line 51
[26-Jul-2022 14:07:31 UTC] PHP Notice:  Undefined variable: logout in C:\xampp\htdocs\rescueincome\wp-content\themes\cleenday-clild\header.php on line 51
[26-Jul-2022 14:20:07 UTC] PHP Notice:  Undefined variable: header_sticky_page_id in C:\xampp\htdocs\rescueincome\wp-content\themes\cleenday\core\class\dynamic-styles.php on line 129
[26-Jul-2022 14:20:43 UTC] PHP Notice:  Trying to get property 'user_first_name' of non-object in C:\xampp\htdocs\rescueincome\wp-content\plugins\wp-mlm\functions\wp-mlm-ajax-functions.php on line 957
[26-Jul-2022 14:20:43 UTC] PHP Notice:  Trying to get property 'user_first_name' of non-object in C:\xampp\htdocs\rescueincome\wp-content\plugins\wp-mlm\functions\wp-mlm-ajax-functions.php on line 957
[26-Jul-2022 14:20:43 UTC] PHP Notice:  Trying to get property 'user_first_name' of non-object in C:\xampp\htdocs\rescueincome\wp-content\plugins\wp-mlm\functions\wp-mlm-ajax-functions.php on line 957
[26-Jul-2022 14:20:43 UTC] PHP Notice:  Trying to get property 'user_first_name' of non-object in C:\xampp\htdocs\rescueincome\wp-content\plugins\wp-mlm\functions\wp-mlm-ajax-functions.php on line 957
[26-Jul-2022 14:20:48 UTC] PHP Notice:  Trying to get property 'user_first_name' of non-object in C:\xampp\htdocs\rescueincome\wp-content\plugins\wp-mlm\functions\wp-mlm-ajax-functions.php on line 957
[26-Jul-2022 14:20:48 UTC] PHP Notice:  Trying to get property 'user_first_name' of non-object in C:\xampp\htdocs\rescueincome\wp-content\plugins\wp-mlm\functions\wp-mlm-ajax-functions.php on line 957
[26-Jul-2022 14:20:48 UTC] PHP Notice:  Trying to get property 'user_first_name' of non-object in C:\xampp\htdocs\rescueincome\wp-content\plugins\wp-mlm\functions\wp-mlm-ajax-functions.php on line 957
[26-Jul-2022 14:20:48 UTC] PHP Notice:  Trying to get property 'user_first_name' of non-object in C:\xampp\htdocs\rescueincome\wp-content\plugins\wp-mlm\functions\wp-mlm-ajax-functions.php on line 957
[26-Jul-2022 14:21:09 UTC] PHP Notice:  Undefined offset: 0 in C:\xampp\htdocs\rescueincome\wp-content\themes\cleenday-clild\inc\admin\wp_mlm_user_function.php on line 78
[26-Jul-2022 14:21:09 UTC] PHP Notice:  Trying to get property 'join_date' of non-object in C:\xampp\htdocs\rescueincome\wp-content\themes\cleenday-clild\inc\admin\wp_mlm_user_function.php on line 78
[26-Jul-2022 14:21:09 UTC] PHP Notice:  Undefined offset: 0 in C:\xampp\htdocs\rescueincome\wp-content\themes\cleenday-clild\inc\admin\wp_mlm_user_function.php on line 142
[26-Jul-2022 14:21:09 UTC] PHP Notice:  Trying to get property 'user_login' of non-object in C:\xampp\htdocs\rescueincome\wp-content\themes\cleenday-clild\inc\admin\wp_mlm_user_function.php on line 142
[26-Jul-2022 14:21:34 UTC] PHP Notice:  Trying to get property 'user_first_name' of non-object in C:\xampp\htdocs\rescueincome\wp-content\plugins\wp-mlm\functions\wp-mlm-ajax-functions.php on line 957
[26-Jul-2022 14:21:34 UTC] PHP Notice:  Trying to get property 'user_first_name' of non-object in C:\xampp\htdocs\rescueincome\wp-content\plugins\wp-mlm\functions\wp-mlm-ajax-functions.php on line 957
[26-Jul-2022 14:21:34 UTC] PHP Notice:  Trying to get property 'user_first_name' of non-object in C:\xampp\htdocs\rescueincome\wp-content\plugins\wp-mlm\functions\wp-mlm-ajax-functions.php on line 957
[26-Jul-2022 14:22:18 UTC] PHP Notice:  Undefined variable: header_sticky_page_id in C:\xampp\htdocs\rescueincome\wp-content\themes\cleenday\core\class\dynamic-styles.php on line 129
[26-Jul-2022 14:25:37 UTC] PHP Notice:  Undefined variable: header_sticky_page_id in C:\xampp\htdocs\rescueincome\wp-content\themes\cleenday\core\class\dynamic-styles.php on line 129
[26-Jul-2022 14:27:37 UTC] PHP Notice:  Undefined variable: header_sticky_page_id in C:\xampp\htdocs\rescueincome\wp-content\themes\cleenday\core\class\dynamic-styles.php on line 129
[26-Jul-2022 14:27:39 UTC] PHP Notice:  Trying to get property 'user_first_name' of non-object in C:\xampp\htdocs\rescueincome\wp-content\plugins\wp-mlm\functions\wp-mlm-ajax-functions.php on line 957
[26-Jul-2022 14:27:39 UTC] PHP Notice:  Trying to get property 'user_first_name' of non-object in C:\xampp\htdocs\rescueincome\wp-content\plugins\wp-mlm\functions\wp-mlm-ajax-functions.php on line 957
[26-Jul-2022 14:27:39 UTC] PHP Notice:  Trying to get property 'user_first_name' of non-object in C:\xampp\htdocs\rescueincome\wp-content\plugins\wp-mlm\functions\wp-mlm-ajax-functions.php on line 957
[26-Jul-2022 14:33:51 UTC] PHP Notice:  Undefined variable: header_sticky_page_id in C:\xampp\htdocs\rescueincome\wp-content\themes\cleenday\core\class\dynamic-styles.php on line 129
[26-Jul-2022 14:33:52 UTC] PHP Notice:  Trying to get property 'user_first_name' of non-object in C:\xampp\htdocs\rescueincome\wp-content\plugins\wp-mlm\functions\wp-mlm-ajax-functions.php on line 957
[26-Jul-2022 14:33:52 UTC] PHP Notice:  Trying to get property 'user_first_name' of non-object in C:\xampp\htdocs\rescueincome\wp-content\plugins\wp-mlm\functions\wp-mlm-ajax-functions.php on line 957
[26-Jul-2022 14:33:52 UTC] PHP Notice:  Trying to get property 'user_first_name' of non-object in C:\xampp\htdocs\rescueincome\wp-content\plugins\wp-mlm\functions\wp-mlm-ajax-functions.php on line 957
[26-Jul-2022 14:34:52 UTC] PHP Notice:  Undefined offset: 0 in C:\xampp\htdocs\rescueincome\wp-content\themes\cleenday-clild\inc\admin\wp_mlm_user_function.php on line 158
[26-Jul-2022 14:34:52 UTC] PHP Notice:  Trying to get property 'join_date' of non-object in C:\xampp\htdocs\rescueincome\wp-content\themes\cleenday-clild\inc\admin\wp_mlm_user_function.php on line 158
[26-Jul-2022 14:34:52 UTC] PHP Notice:  Undefined offset: 0 in C:\xampp\htdocs\rescueincome\wp-content\themes\cleenday-clild\inc\admin\wp_mlm_user_function.php on line 222
[26-Jul-2022 14:34:52 UTC] PHP Notice:  Trying to get property 'user_login' of non-object in C:\xampp\htdocs\rescueincome\wp-content\themes\cleenday-clild\inc\admin\wp_mlm_user_function.php on line 222
[26-Jul-2022 14:34:52 UTC] PHP Notice:  Undefined variable: sponsor_id_temp in C:\xampp\htdocs\rescueincome\wp-content\themes\cleenday-clild\inc\admin\wp_mlm_user_function.php on line 238
[26-Jul-2022 14:36:44 UTC] PHP Notice:  Undefined variable: header_sticky_page_id in C:\xampp\htdocs\rescueincome\wp-content\themes\cleenday\core\class\dynamic-styles.php on line 129
[26-Jul-2022 14:36:44 UTC] PHP Notice:  Trying to get property 'user_first_name' of non-object in C:\xampp\htdocs\rescueincome\wp-content\plugins\wp-mlm\functions\wp-mlm-ajax-functions.php on line 957
[26-Jul-2022 14:36:44 UTC] PHP Notice:  Trying to get property 'user_first_name' of non-object in C:\xampp\htdocs\rescueincome\wp-content\plugins\wp-mlm\functions\wp-mlm-ajax-functions.php on line 957
[26-Jul-2022 14:36:44 UTC] PHP Notice:  Trying to get property 'user_first_name' of non-object in C:\xampp\htdocs\rescueincome\wp-content\plugins\wp-mlm\functions\wp-mlm-ajax-functions.php on line 957
[26-Jul-2022 14:36:57 UTC] PHP Notice:  Undefined offset: 0 in C:\xampp\htdocs\rescueincome\wp-content\themes\cleenday-clild\inc\admin\wp_mlm_user_function.php on line 158
[26-Jul-2022 14:36:57 UTC] PHP Notice:  Trying to get property 'join_date' of non-object in C:\xampp\htdocs\rescueincome\wp-content\themes\cleenday-clild\inc\admin\wp_mlm_user_function.php on line 158
[26-Jul-2022 14:36:57 UTC] PHP Notice:  Undefined offset: 0 in C:\xampp\htdocs\rescueincome\wp-content\themes\cleenday-clild\inc\admin\wp_mlm_user_function.php on line 222
[26-Jul-2022 14:36:57 UTC] PHP Notice:  Trying to get property 'user_login' of non-object in C:\xampp\htdocs\rescueincome\wp-content\themes\cleenday-clild\inc\admin\wp_mlm_user_function.php on line 222
[26-Jul-2022 14:36:57 UTC] PHP Notice:  Undefined variable: sponsor_id_temp in C:\xampp\htdocs\rescueincome\wp-content\themes\cleenday-clild\inc\admin\wp_mlm_user_function.php on line 238
[26-Jul-2022 14:39:54 UTC] PHP Notice:  Undefined variable: header_sticky_page_id in C:\xampp\htdocs\rescueincome\wp-content\themes\cleenday\core\class\dynamic-styles.php on line 129
[26-Jul-2022 14:46:47 UTC] PHP Notice:  Undefined variable: header_sticky_page_id in C:\xampp\htdocs\rescueincome\wp-content\themes\cleenday\core\class\dynamic-styles.php on line 129
[26-Jul-2022 14:46:48 UTC] PHP Notice:  Trying to get property 'user_first_name' of non-object in C:\xampp\htdocs\rescueincome\wp-content\plugins\wp-mlm\functions\wp-mlm-ajax-functions.php on line 957
[26-Jul-2022 14:46:48 UTC] PHP Notice:  Trying to get property 'user_first_name' of non-object in C:\xampp\htdocs\rescueincome\wp-content\plugins\wp-mlm\functions\wp-mlm-ajax-functions.php on line 957
[26-Jul-2022 14:46:48 UTC] PHP Notice:  Trying to get property 'user_first_name' of non-object in C:\xampp\htdocs\rescueincome\wp-content\plugins\wp-mlm\functions\wp-mlm-ajax-functions.php on line 957
[26-Jul-2022 14:48:02 UTC] PHP Notice:  Undefined variable: header_sticky_page_id in C:\xampp\htdocs\rescueincome\wp-content\themes\cleenday\core\class\dynamic-styles.php on line 129
[26-Jul-2022 14:48:04 UTC] PHP Notice:  Trying to get property 'user_first_name' of non-object in C:\xampp\htdocs\rescueincome\wp-content\plugins\wp-mlm\functions\wp-mlm-ajax-functions.php on line 957
[26-Jul-2022 14:48:04 UTC] PHP Notice:  Trying to get property 'user_first_name' of non-object in C:\xampp\htdocs\rescueincome\wp-content\plugins\wp-mlm\functions\wp-mlm-ajax-functions.php on line 957
[26-Jul-2022 14:48:04 UTC] PHP Notice:  Trying to get property 'user_first_name' of non-object in C:\xampp\htdocs\rescueincome\wp-content\plugins\wp-mlm\functions\wp-mlm-ajax-functions.php on line 957
[26-Jul-2022 14:52:11 UTC] PHP Notice:  Undefined variable: header_sticky_page_id in C:\xampp\htdocs\rescueincome\wp-content\themes\cleenday\core\class\dynamic-styles.php on line 129
[26-Jul-2022 14:52:12 UTC] PHP Notice:  Trying to get property 'user_first_name' of non-object in C:\xampp\htdocs\rescueincome\wp-content\plugins\wp-mlm\functions\wp-mlm-ajax-functions.php on line 957
[26-Jul-2022 14:52:12 UTC] PHP Notice:  Trying to get property 'user_first_name' of non-object in C:\xampp\htdocs\rescueincome\wp-content\plugins\wp-mlm\functions\wp-mlm-ajax-functions.php on line 957
[26-Jul-2022 14:52:12 UTC] PHP Notice:  Trying to get property 'user_first_name' of non-object in C:\xampp\htdocs\rescueincome\wp-content\plugins\wp-mlm\functions\wp-mlm-ajax-functions.php on line 957
[26-Jul-2022 14:59:16 UTC] PHP Parse error:  syntax error, unexpected '=>' (T_DOUBLE_ARROW), expecting ')' in C:\xampp\htdocs\rescueincome\wp-content\themes\cleenday-clild\inc\admin\wp_mlm_user_function.php on line 126
[26-Jul-2022 14:59:16 UTC] PHP Fatal error:  Exception thrown without a stack frame in Unknown on line 0
[26-Jul-2022 15:06:17 UTC] PHP Notice:  Undefined variable: header_sticky_page_id in C:\xampp\htdocs\rescueincome\wp-content\themes\cleenday\core\class\dynamic-styles.php on line 129
[26-Jul-2022 15:06:28 UTC] PHP Notice:  Undefined variable: header_sticky_page_id in C:\xampp\htdocs\rescueincome\wp-content\themes\cleenday\core\class\dynamic-styles.php on line 129
[26-Jul-2022 15:06:34 UTC] PHP Notice:  Undefined variable: header_sticky_page_id in C:\xampp\htdocs\rescueincome\wp-content\themes\cleenday\core\class\dynamic-styles.php on line 129
[26-Jul-2022 15:06:41 UTC] PHP Notice:  Undefined variable: header_sticky_page_id in C:\xampp\htdocs\rescueincome\wp-content\themes\cleenday\core\class\dynamic-styles.php on line 129
[26-Jul-2022 15:06:44 UTC] PHP Notice:  Undefined variable: header_sticky_page_id in C:\xampp\htdocs\rescueincome\wp-content\themes\cleenday\core\class\dynamic-styles.php on line 129
[26-Jul-2022 15:06:45 UTC] PHP Warning:  Invalid argument supplied for foreach() in C:\xampp\htdocs\rescueincome\wp-admin\includes\plugin.php on line 1779
[26-Jul-2022 15:06:45 UTC] PHP Warning:  Invalid argument supplied for foreach() in C:\xampp\htdocs\rescueincome\wp-admin\includes\plugin.php on line 1779
[26-Jul-2022 15:06:45 UTC] PHP Warning:  Invalid argument supplied for foreach() in C:\xampp\htdocs\rescueincome\wp-admin\includes\plugin.php on line 1779
[26-Jul-2022 15:06:45 UTC] PHP Warning:  Invalid argument supplied for foreach() in C:\xampp\htdocs\rescueincome\wp-admin\includes\plugin.php on line 1779
[26-Jul-2022 15:06:45 UTC] PHP Warning:  Invalid argument supplied for foreach() in C:\xampp\htdocs\rescueincome\wp-admin\includes\plugin.php on line 1779
[26-Jul-2022 15:06:45 UTC] PHP Warning:  Invalid argument supplied for foreach() in C:\xampp\htdocs\rescueincome\wp-admin\includes\plugin.php on line 1779
[26-Jul-2022 15:06:45 UTC] PHP Warning:  Invalid argument supplied for foreach() in C:\xampp\htdocs\rescueincome\wp-admin\includes\plugin.php on line 1779
[26-Jul-2022 15:06:45 UTC] PHP Warning:  Invalid argument supplied for foreach() in C:\xampp\htdocs\rescueincome\wp-admin\includes\plugin.php on line 1779
[26-Jul-2022 15:06:45 UTC] PHP Warning:  Invalid argument supplied for foreach() in C:\xampp\htdocs\rescueincome\wp-admin\includes\plugin.php on line 1779
[26-Jul-2022 15:06:45 UTC] PHP Warning:  Invalid argument supplied for foreach() in C:\xampp\htdocs\rescueincome\wp-admin\includes\plugin.php on line 1779
[26-Jul-2022 15:06:45 UTC] PHP Warning:  Invalid argument supplied for foreach() in C:\xampp\htdocs\rescueincome\wp-admin\includes\plugin.php on line 1779
[26-Jul-2022 15:06:45 UTC] PHP Warning:  Invalid argument supplied for foreach() in C:\xampp\htdocs\rescueincome\wp-admin\includes\plugin.php on line 1779
[26-Jul-2022 15:06:45 UTC] PHP Warning:  Invalid argument supplied for foreach() in C:\xampp\htdocs\rescueincome\wp-admin\includes\plugin.php on line 1779
[26-Jul-2022 15:06:45 UTC] PHP Warning:  Invalid argument supplied for foreach() in C:\xampp\htdocs\rescueincome\wp-admin\includes\plugin.php on line 1779
[26-Jul-2022 15:06:45 UTC] PHP Warning:  Invalid argument supplied for foreach() in C:\xampp\htdocs\rescueincome\wp-admin\includes\plugin.php on line 1779
[26-Jul-2022 15:06:45 UTC] PHP Warning:  Invalid argument supplied for foreach() in C:\xampp\htdocs\rescueincome\wp-admin\includes\plugin.php on line 1779
[26-Jul-2022 15:06:45 UTC] PHP Warning:  Invalid argument supplied for foreach() in C:\xampp\htdocs\rescueincome\wp-admin\includes\plugin.php on line 1779
[26-Jul-2022 15:06:45 UTC] PHP Warning:  Invalid argument supplied for foreach() in C:\xampp\htdocs\rescueincome\wp-admin\includes\plugin.php on line 1779
[26-Jul-2022 15:06:45 UTC] PHP Warning:  Invalid argument supplied for foreach() in C:\xampp\htdocs\rescueincome\wp-admin\includes\plugin.php on line 1779
[26-Jul-2022 15:06:45 UTC] PHP Warning:  Invalid argument supplied for foreach() in C:\xampp\htdocs\rescueincome\wp-admin\includes\plugin.php on line 1779
[26-Jul-2022 15:06:45 UTC] PHP Warning:  Invalid argument supplied for foreach() in C:\xampp\htdocs\rescueincome\wp-admin\includes\plugin.php on line 1779
[26-Jul-2022 15:06:49 UTC] PHP Warning:  Invalid argument supplied for foreach() in C:\xampp\htdocs\rescueincome\wp-admin\includes\plugin.php on line 1779
[26-Jul-2022 15:06:49 UTC] PHP Warning:  Invalid argument supplied for foreach() in C:\xampp\htdocs\rescueincome\wp-admin\includes\plugin.php on line 1779
[26-Jul-2022 15:06:49 UTC] PHP Warning:  Invalid argument supplied for foreach() in C:\xampp\htdocs\rescueincome\wp-admin\includes\plugin.php on line 1779
[26-Jul-2022 15:06:49 UTC] PHP Warning:  Invalid argument supplied for foreach() in C:\xampp\htdocs\rescueincome\wp-admin\includes\plugin.php on line 1779
[26-Jul-2022 15:06:49 UTC] PHP Warning:  Invalid argument supplied for foreach() in C:\xampp\htdocs\rescueincome\wp-admin\includes\plugin.php on line 1779
[26-Jul-2022 15:06:49 UTC] PHP Warning:  Invalid argument supplied for foreach() in C:\xampp\htdocs\rescueincome\wp-admin\includes\plugin.php on line 1779
[26-Jul-2022 15:06:49 UTC] PHP Warning:  Invalid argument supplied for foreach() in C:\xampp\htdocs\rescueincome\wp-admin\includes\plugin.php on line 1779
[26-Jul-2022 15:06:49 UTC] PHP Warning:  Invalid argument supplied for foreach() in C:\xampp\htdocs\rescueincome\wp-admin\includes\plugin.php on line 1779
[26-Jul-2022 15:06:49 UTC] PHP Warning:  Invalid argument supplied for foreach() in C:\xampp\htdocs\rescueincome\wp-admin\includes\plugin.php on line 1779
[26-Jul-2022 15:06:49 UTC] PHP Warning:  Invalid argument supplied for foreach() in C:\xampp\htdocs\rescueincome\wp-admin\includes\plugin.php on line 1779
[26-Jul-2022 15:06:49 UTC] PHP Warning:  Invalid argument supplied for foreach() in C:\xampp\htdocs\rescueincome\wp-admin\includes\plugin.php on line 1779
[26-Jul-2022 15:06:49 UTC] PHP Warning:  Invalid argument supplied for foreach() in C:\xampp\htdocs\rescueincome\wp-admin\includes\plugin.php on line 1779
[26-Jul-2022 15:06:49 UTC] PHP Warning:  Invalid argument supplied for foreach() in C:\xampp\htdocs\rescueincome\wp-admin\includes\plugin.php on line 1779
[26-Jul-2022 15:06:49 UTC] PHP Warning:  Invalid argument supplied for foreach() in C:\xampp\htdocs\rescueincome\wp-admin\includes\plugin.php on line 1779
[26-Jul-2022 15:06:49 UTC] PHP Warning:  Invalid argument supplied for foreach() in C:\xampp\htdocs\rescueincome\wp-admin\includes\plugin.php on line 1779
[26-Jul-2022 15:06:49 UTC] PHP Warning:  Invalid argument supplied for foreach() in C:\xampp\htdocs\rescueincome\wp-admin\includes\plugin.php on line 1779
[26-Jul-2022 15:06:49 UTC] PHP Warning:  Invalid argument supplied for foreach() in C:\xampp\htdocs\rescueincome\wp-admin\includes\plugin.php on line 1779
[26-Jul-2022 15:06:49 UTC] PHP Warning:  Invalid argument supplied for foreach() in C:\xampp\htdocs\rescueincome\wp-admin\includes\plugin.php on line 1779
[26-Jul-2022 15:06:49 UTC] PHP Warning:  Invalid argument supplied for foreach() in C:\xampp\htdocs\rescueincome\wp-admin\includes\plugin.php on line 1779
[26-Jul-2022 15:06:49 UTC] PHP Warning:  Invalid argument supplied for foreach() in C:\xampp\htdocs\rescueincome\wp-admin\includes\plugin.php on line 1779
[26-Jul-2022 15:06:49 UTC] PHP Warning:  Invalid argument supplied for foreach() in C:\xampp\htdocs\rescueincome\wp-admin\includes\plugin.php on line 1779
[26-Jul-2022 15:07:04 UTC] PHP Notice:  Undefined variable: header_sticky_page_id in C:\xampp\htdocs\rescueincome\wp-content\themes\cleenday\core\class\dynamic-styles.php on line 129
[26-Jul-2022 15:07:49 UTC] PHP Notice:  Undefined variable: header_sticky_page_id in C:\xampp\htdocs\rescueincome\wp-content\themes\cleenday\core\class\dynamic-styles.php on line 129
[26-Jul-2022 15:08:34 UTC] PHP Notice:  Undefined variable: header_sticky_page_id in C:\xampp\htdocs\rescueincome\wp-content\themes\cleenday\core\class\dynamic-styles.php on line 129
[26-Jul-2022 15:09:56 UTC] PHP Notice:  Undefined variable: header_sticky_page_id in C:\xampp\htdocs\rescueincome\wp-content\themes\cleenday\core\class\dynamic-styles.php on line 129
[26-Jul-2022 15:09:57 UTC] PHP Deprecated:  Function _register_controls is <strong>deprecated</strong> since version 3.1.0! Use Elementor\Controls_Stack::register_controls() instead. in C:\xampp\htdocs\rescueincome\wp-includes\functions.php on line 5379
[26-Jul-2022 15:10:33 UTC] PHP Notice:  Undefined variable: header_sticky_page_id in C:\xampp\htdocs\rescueincome\wp-content\themes\cleenday\core\class\dynamic-styles.php on line 129
[26-Jul-2022 15:10:34 UTC] PHP Deprecated:  Function _register_controls is <strong>deprecated</strong> since version 3.1.0! Use Elementor\Controls_Stack::register_controls() instead. in C:\xampp\htdocs\rescueincome\wp-includes\functions.php on line 5379
[26-Jul-2022 15:12:30 UTC] PHP Notice:  Undefined variable: header_sticky_page_id in C:\xampp\htdocs\rescueincome\wp-content\themes\cleenday\core\class\dynamic-styles.php on line 129
[26-Jul-2022 15:12:31 UTC] PHP Deprecated:  Function _register_controls is <strong>deprecated</strong> since version 3.1.0! Use Elementor\Controls_Stack::register_controls() instead. in C:\xampp\htdocs\rescueincome\wp-includes\functions.php on line 5379
[26-Jul-2022 15:13:12 UTC] PHP Notice:  Undefined variable: header_sticky_page_id in C:\xampp\htdocs\rescueincome\wp-content\themes\cleenday\core\class\dynamic-styles.php on line 129
[26-Jul-2022 15:13:13 UTC] PHP Deprecated:  Function _register_controls is <strong>deprecated</strong> since version 3.1.0! Use Elementor\Controls_Stack::register_controls() instead. in C:\xampp\htdocs\rescueincome\wp-includes\functions.php on line 5379
[26-Jul-2022 15:13:40 UTC] PHP Notice:  Undefined variable: header_sticky_page_id in C:\xampp\htdocs\rescueincome\wp-content\themes\cleenday\core\class\dynamic-styles.php on line 129
[26-Jul-2022 15:13:41 UTC] PHP Deprecated:  Function _register_controls is <strong>deprecated</strong> since version 3.1.0! Use Elementor\Controls_Stack::register_controls() instead. in C:\xampp\htdocs\rescueincome\wp-includes\functions.php on line 5379
[26-Jul-2022 15:13:57 UTC] PHP Notice:  Undefined variable: header_sticky_page_id in C:\xampp\htdocs\rescueincome\wp-content\themes\cleenday\core\class\dynamic-styles.php on line 129
[26-Jul-2022 15:13:58 UTC] PHP Deprecated:  Function _register_controls is <strong>deprecated</strong> since version 3.1.0! Use Elementor\Controls_Stack::register_controls() instead. in C:\xampp\htdocs\rescueincome\wp-includes\functions.php on line 5379
[26-Jul-2022 15:14:50 UTC] PHP Notice:  Undefined variable: header_sticky_page_id in C:\xampp\htdocs\rescueincome\wp-content\themes\cleenday\core\class\dynamic-styles.php on line 129
[26-Jul-2022 15:14:51 UTC] PHP Notice:  Undefined variable: header_sticky_page_id in C:\xampp\htdocs\rescueincome\wp-content\themes\cleenday\core\class\dynamic-styles.php on line 129
[26-Jul-2022 15:14:54 UTC] PHP Notice:  Undefined variable: header_sticky_page_id in C:\xampp\htdocs\rescueincome\wp-content\themes\cleenday\core\class\dynamic-styles.php on line 129
[26-Jul-2022 15:15:01 UTC] PHP Notice:  Undefined variable: header_sticky_page_id in C:\xampp\htdocs\rescueincome\wp-content\themes\cleenday\core\class\dynamic-styles.php on line 129
[26-Jul-2022 15:15:32 UTC] PHP Notice:  Undefined variable: header_sticky_page_id in C:\xampp\htdocs\rescueincome\wp-content\themes\cleenday\core\class\dynamic-styles.php on line 129
[26-Jul-2022 15:15:33 UTC] PHP Notice:  Undefined variable: header_sticky_page_id in C:\xampp\htdocs\rescueincome\wp-content\themes\cleenday\core\class\dynamic-styles.php on line 129
[26-Jul-2022 15:15:35 UTC] PHP Notice:  Undefined variable: header_sticky_page_id in C:\xampp\htdocs\rescueincome\wp-content\themes\cleenday\core\class\dynamic-styles.php on line 129
[26-Jul-2022 15:15:36 UTC] PHP Notice:  Undefined variable: header_sticky_page_id in C:\xampp\htdocs\rescueincome\wp-content\themes\cleenday\core\class\dynamic-styles.php on line 129
[26-Jul-2022 15:16:48 UTC] PHP Notice:  Undefined variable: header_sticky_page_id in C:\xampp\htdocs\rescueincome\wp-content\themes\cleenday\core\class\dynamic-styles.php on line 129
[26-Jul-2022 15:16:50 UTC] PHP Notice:  Undefined variable: header_sticky_page_id in C:\xampp\htdocs\rescueincome\wp-content\themes\cleenday\core\class\dynamic-styles.php on line 129
[26-Jul-2022 15:17:00 UTC] PHP Notice:  Undefined variable: header_sticky_page_id in C:\xampp\htdocs\rescueincome\wp-content\themes\cleenday\core\class\dynamic-styles.php on line 129
[26-Jul-2022 15:17:02 UTC] PHP Notice:  Undefined variable: header_sticky_page_id in C:\xampp\htdocs\rescueincome\wp-content\themes\cleenday\core\class\dynamic-styles.php on line 129
[26-Jul-2022 15:17:11 UTC] PHP Notice:  Undefined variable: header_sticky_page_id in C:\xampp\htdocs\rescueincome\wp-content\themes\cleenday\core\class\dynamic-styles.php on line 129
[26-Jul-2022 15:17:31 UTC] PHP Notice:  Undefined variable: header_sticky_page_id in C:\xampp\htdocs\rescueincome\wp-content\themes\cleenday\core\class\dynamic-styles.php on line 129
[26-Jul-2022 15:18:29 UTC] PHP Notice:  Undefined variable: header_sticky_page_id in C:\xampp\htdocs\rescueincome\wp-content\themes\cleenday\core\class\dynamic-styles.php on line 129
[26-Jul-2022 15:18:31 UTC] PHP Deprecated:  Function _register_controls is <strong>deprecated</strong> since version 3.1.0! Use Elementor\Controls_Stack::register_controls() instead. in C:\xampp\htdocs\rescueincome\wp-includes\functions.php on line 5379
[26-Jul-2022 15:19:34 UTC] PHP Notice:  Undefined variable: header_sticky_page_id in C:\xampp\htdocs\rescueincome\wp-content\themes\cleenday\core\class\dynamic-styles.php on line 129
[26-Jul-2022 15:19:35 UTC] PHP Deprecated:  Function _register_controls is <strong>deprecated</strong> since version 3.1.0! Use Elementor\Controls_Stack::register_controls() instead. in C:\xampp\htdocs\rescueincome\wp-includes\functions.php on line 5379
[26-Jul-2022 15:19:42 UTC] PHP Notice:  Undefined variable: header_sticky_page_id in C:\xampp\htdocs\rescueincome\wp-content\themes\cleenday\core\class\dynamic-styles.php on line 129
[26-Jul-2022 15:19:44 UTC] PHP Notice:  Undefined variable: header_sticky_page_id in C:\xampp\htdocs\rescueincome\wp-content\themes\cleenday\core\class\dynamic-styles.php on line 129
[26-Jul-2022 15:19:45 UTC] PHP Deprecated:  Function _register_controls is <strong>deprecated</strong> since version 3.1.0! Use Elementor\Controls_Stack::register_controls() instead. in C:\xampp\htdocs\rescueincome\wp-includes\functions.php on line 5379
[26-Jul-2022 15:20:17 UTC] PHP Notice:  Undefined variable: header_sticky_page_id in C:\xampp\htdocs\rescueincome\wp-content\themes\cleenday\core\class\dynamic-styles.php on line 129
[26-Jul-2022 15:20:34 UTC] PHP Deprecated:  Function _register_controls is <strong>deprecated</strong> since version 3.1.0! Use Elementor\Controls_Stack::register_controls() instead. in C:\xampp\htdocs\rescueincome\wp-includes\functions.php on line 5379
[26-Jul-2022 15:21:02 UTC] PHP Deprecated:  Function _register_controls is <strong>deprecated</strong> since version 3.1.0! Use Elementor\Controls_Stack::register_controls() instead. in C:\xampp\htdocs\rescueincome\wp-includes\functions.php on line 5379
[28-Jul-2022 10:47:36 UTC] PHP Fatal error:  Cannot redeclare wpmlm_ajax_session() (previously declared in C:\xampp\htdocs\rescueincome\wp-content\plugins\wp-mlm\functions\wp-mlm-ajax-functions.php:1448) in C:\xampp\htdocs\rescueincome\wp-content\themes\cleenday-clild\inc\admin\wp_mlm_user_function.php on line 1631
[28-Jul-2022 10:47:39 UTC] PHP Fatal error:  Cannot redeclare wpmlm_ajax_session() (previously declared in C:\xampp\htdocs\rescueincome\wp-content\plugins\wp-mlm\functions\wp-mlm-ajax-functions.php:1448) in C:\xampp\htdocs\rescueincome\wp-content\themes\cleenday-clild\inc\admin\wp_mlm_user_function.php on line 1631
[28-Jul-2022 10:48:15 UTC] PHP Fatal error:  Cannot redeclare wpmlm_ajax_session() (previously declared in C:\xampp\htdocs\rescueincome\wp-content\plugins\wp-mlm\functions\wp-mlm-ajax-functions.php:1448) in C:\xampp\htdocs\rescueincome\wp-content\themes\cleenday-clild\inc\admin\wp_mlm_user_function.php on line 1631
